<?xml version="1.0" encoding="UTF-8"?>
<testsuites>
  <testsuite name="" tests="8" assertions="436" errors="0" warnings="0" failures="0" skipped="0" time="0.032134">
    <testsuite name="Project Test Suite" tests="8" assertions="436" errors="0" warnings="0" failures="0" skipped="0" time="0.032134">
      <testsuite name="App\Card\CardHandTest" file="/home/martin/dbwebb-kurser/mvc/me/report/tests/Card/CardHandTest.php" tests="1" assertions="3" errors="0" warnings="0" failures="0" skipped="0" time="0.012167">
        <testcase name="testCreateCardHand" class="App\Card\CardHandTest" classname="App.Card.CardHandTest" file="/home/martin/dbwebb-kurser/mvc/me/report/tests/Card/CardHandTest.php" line="19" assertions="3" time="0.012167"/>
      </testsuite>
      <testsuite name="App\Card\CardTest" file="/home/martin/dbwebb-kurser/mvc/me/report/tests/Card/CardTest.php" tests="3" assertions="366" errors="0" warnings="0" failures="0" skipped="0" time="0.009651">
        <testcase name="testCreateInvalidSuite" class="App\Card\CardTest" classname="App.Card.CardTest" file="/home/martin/dbwebb-kurser/mvc/me/report/tests/Card/CardTest.php" line="18" assertions="1" time="0.001289"/>
        <testcase name="testCreateInvalidNumber" class="App\Card\CardTest" classname="App.Card.CardTest" file="/home/martin/dbwebb-kurser/mvc/me/report/tests/Card/CardTest.php" line="27" assertions="1" time="0.000477"/>
        <testcase name="testCreateCard" class="App\Card\CardTest" classname="App.Card.CardTest" file="/home/martin/dbwebb-kurser/mvc/me/report/tests/Card/CardTest.php" line="37" assertions="364" time="0.007884"/>
      </testsuite>
      <testsuite name="App\Card\DeckOfCardsTest" file="/home/martin/dbwebb-kurser/mvc/me/report/tests/Card/DeckOfCardsTest.php" tests="1" assertions="58" errors="0" warnings="0" failures="0" skipped="0" time="0.005825">
        <testcase name="testCreateDeckOfCards" class="App\Card\DeckOfCardsTest" classname="App.Card.DeckOfCardsTest" file="/home/martin/dbwebb-kurser/mvc/me/report/tests/Card/DeckOfCardsTest.php" line="20" assertions="58" time="0.005825"/>
      </testsuite>
      <testsuite name="App\Card\Game21Test" file="/home/martin/dbwebb-kurser/mvc/me/report/tests/Card/Game21Test.php" tests="2" assertions="7" errors="0" warnings="0" failures="0" skipped="0" time="0.003849">
        <testcase name="testCreateGame21" class="App\Card\Game21Test" classname="App.Card.Game21Test" file="/home/martin/dbwebb-kurser/mvc/me/report/tests/Card/Game21Test.php" line="16" assertions="6" time="0.003123"/>
        <testcase name="testPlayOver21" class="App\Card\Game21Test" classname="App.Card.Game21Test" file="/home/martin/dbwebb-kurser/mvc/me/report/tests/Card/Game21Test.php" line="46" assertions="1" time="0.000726"/>
      </testsuite>
      <testsuite name="App\Dice\DiceTest" file="/home/martin/dbwebb-kurser/mvc/me/report/tests/Dice/DiceTest.php" tests="1" assertions="2" errors="0" warnings="0" failures="0" skipped="0" time="0.000642">
        <testcase name="testCreateDice" class="App\Dice\DiceTest" classname="App.Dice.DiceTest" file="/home/martin/dbwebb-kurser/mvc/me/report/tests/Dice/DiceTest.php" line="16" assertions="2" time="0.000642"/>
      </testsuite>
    </testsuite>
  </testsuite>
</testsuites>
