<?xml version="1.0" encoding="UTF-8"?>
<testsuites>
  <testsuite name="" tests="9" assertions="436" errors="1" warnings="0" failures="0" skipped="0" time="0.030494">
    <testsuite name="Project Test Suite" tests="9" assertions="436" errors="1" warnings="0" failures="0" skipped="0" time="0.030494">
      <testsuite name="App\Card\CardHandTest" file="/home/martin/dbwebb-kurser/mvc/me/report/tests/Card/CardHandTest.php" tests="2" assertions="3" errors="1" warnings="0" failures="0" skipped="0" time="0.013398">
        <testcase name="testCreateCardHand" class="App\Card\CardHandTest" classname="App.Card.CardHandTest" file="/home/martin/dbwebb-kurser/mvc/me/report/tests/Card/CardHandTest.php" line="21" assertions="3" time="0.010807"/>
        <testcase name="testReadInvalidProperty" class="App\Card\CardHandTest" classname="App.Card.CardHandTest" file="/home/martin/dbwebb-kurser/mvc/me/report/tests/Card/CardHandTest.php" line="66" assertions="0" time="0.002591">
          <error type="PHPUnit\Framework\Error\Notice">App\Card\CardHandTest::testReadInvalidProperty
Undefined property via __get(): invalid

/home/martin/dbwebb-kurser/mvc/me/report/src/Card/CardCollection.php:84
/home/martin/dbwebb-kurser/mvc/me/report/tests/Card/CardHandTest.php:69</error>
        </testcase>
      </testsuite>
      <testsuite name="App\Card\CardTest" file="/home/martin/dbwebb-kurser/mvc/me/report/tests/Card/CardTest.php" tests="3" assertions="366" errors="0" warnings="0" failures="0" skipped="0" time="0.006283">
        <testcase name="testCreateInvalidSuite" class="App\Card\CardTest" classname="App.Card.CardTest" file="/home/martin/dbwebb-kurser/mvc/me/report/tests/Card/CardTest.php" line="18" assertions="1" time="0.000715"/>
        <testcase name="testCreateInvalidNumber" class="App\Card\CardTest" classname="App.Card.CardTest" file="/home/martin/dbwebb-kurser/mvc/me/report/tests/Card/CardTest.php" line="27" assertions="1" time="0.000315"/>
        <testcase name="testCreateCard" class="App\Card\CardTest" classname="App.Card.CardTest" file="/home/martin/dbwebb-kurser/mvc/me/report/tests/Card/CardTest.php" line="37" assertions="364" time="0.005253"/>
      </testsuite>
      <testsuite name="App\Card\DeckOfCardsTest" file="/home/martin/dbwebb-kurser/mvc/me/report/tests/Card/DeckOfCardsTest.php" tests="1" assertions="58" errors="0" warnings="0" failures="0" skipped="0" time="0.005646">
        <testcase name="testCreateDeckOfCards" class="App\Card\DeckOfCardsTest" classname="App.Card.DeckOfCardsTest" file="/home/martin/dbwebb-kurser/mvc/me/report/tests/Card/DeckOfCardsTest.php" line="20" assertions="58" time="0.005646"/>
      </testsuite>
      <testsuite name="App\Card\Game21Test" file="/home/martin/dbwebb-kurser/mvc/me/report/tests/Card/Game21Test.php" tests="2" assertions="7" errors="0" warnings="0" failures="0" skipped="0" time="0.004407">
        <testcase name="testCreateGame21" class="App\Card\Game21Test" classname="App.Card.Game21Test" file="/home/martin/dbwebb-kurser/mvc/me/report/tests/Card/Game21Test.php" line="16" assertions="6" time="0.003719"/>
        <testcase name="testPlayOver21" class="App\Card\Game21Test" classname="App.Card.Game21Test" file="/home/martin/dbwebb-kurser/mvc/me/report/tests/Card/Game21Test.php" line="46" assertions="1" time="0.000688"/>
      </testsuite>
      <testsuite name="App\Dice\DiceTest" file="/home/martin/dbwebb-kurser/mvc/me/report/tests/Dice/DiceTest.php" tests="1" assertions="2" errors="0" warnings="0" failures="0" skipped="0" time="0.000759">
        <testcase name="testCreateDice" class="App\Dice\DiceTest" classname="App.Dice.DiceTest" file="/home/martin/dbwebb-kurser/mvc/me/report/tests/Dice/DiceTest.php" line="16" assertions="2" time="0.000759"/>
      </testsuite>
    </testsuite>
  </testsuite>
</testsuites>
